Case #1: 3
Case #2: 1
Case #3: 1 2
Case #4: 3 4
Case #5: 69 70 210 350 490 630 770 910 1050 1190 1330 1470 1610 1750 1890 2030 2170 2310 2450 2590 2730 2870 3010 3150 3290 3430 3570 3710 3850 3990 4130 4270 4410 4550 4690
Case #6: 1 2 3 4 5 6 7 8 9 10 11 12 13 14 15 16 17 18 19 20 21 22 23 24 25 26 27 28 29 30
Case #7: 1027676442358 434994884521237 925566511045186 1416138137569135 1906709764093084 2397281390617033
Case #8: 1 2 3 4 5 6 7 8 9 10 11 12 13 14 15 16 17 18 19 20 21 22 23 24 25 26 27 28 29 30 31 32 33 34 35 36 37 38 39 40 41
Case #9: 3
Case #10: 3008737015 819379380375 1759442545455 2699505710535 3639568875615
Case #11: 140554 120554351893 261662232632 402770113371 543877994110 684985874849 826093755588 967201636327
Case #12: 79 237 395 553 711 869 1027 1185 1343 1501 1659 1817 1975 2133 2291 2449 2607 2765 2923 3081 3239 3397 3555 3713 3871 4029 4187 4345 4503 4661 4819 4977 5135 5293 5451 5609 5767 5925 6083
Case #13: 1 2 3 4 5 6 7 8 9 10
Case #14: 22
Case #15: 1 2 3 4 5 6 7 8 9 10 11 12 13 14 15 16 17 18 19 20 21 22 23 24 25 26 27 28 29 30 31 32 33 34 35 36 37 38 39 40 41 42 43 44 45 46 47 48 49 50 51 52 53 54 55 56 57 58 59 60 61 62 63 64 65
Case #16: 1
Case #17: 399 821 2084 3347 4610 5873 7136
Case #18: 11046255305880159
Case #19: 69 995119 2328479 3661839 4995199 6328559 7661919 8995279 10328639 11661999 12995359 14328719 15662079 16995439 18328799 19662159 20995519 22328879
Case #20: 20146495 549582434368 1192385180387 1835187926406 2477990672425 3120793418444 3763596164463 4406398910482 5049201656501 5692004402520
Case #21: 534642 12592235615
Case #22: 2412896778435241 5101553188691651 7790209598948061 10478866009204471
Case #23: 1
Case #24: 800668
Case #25: 100 20101 50404 80707 111010 141313 171616 201919 232222 262525 292828 323131 353434 383737 414040 444343 474646 504949 535252 565555 595858 626161 656464 686767 717070 747373 777676 807979 838282 868585 898888 929191 959494 989797
Case #26: 99989797 706050403020101 1514131211100909 2322212019181717 3130292827262525 3938373635343333 4746454443424141 5554535251504949 6362616059585757 7170696867666565 7978777675747373 8786858483828181 9594939291908989
Case #27: 22
Case #28: 5 15
Case #29: 1
Case #30: 31 3785411 8556936 13328461 18099986 22871511 27643036
Case #31: 101 303 505 707 909 1111 1313 1515 1717 1919 2121 2323 2525 2727 2929 3131 3333 3535 3737 3939 4141 4343 4545 4747 4949 5151 5353 5555 5757 5959 6161 6363 6565 6767 6969 7171 7373 7575 7777 7979 8181 8383 8585 8787 8989 9191 9393 9595 9797 9999
Case #32: 182553388822831 386170630202141 589787871581451
Case #33: 2915 478279 1120019 1761759 2403499 3045239 3686979 4328719 4970459 5612199 6253939 6895679 7537419 8179159
Case #34: 229
Case #35: 11313013 1040192282714203 2212980504763402 3385768726812601 4558556948861800 5731345170910999 6904133392960198
Case #36: 38189 198541656671
Case #37: 1043916 11649936536081
Case #38: 229
Case #39: 43211 98766
Case #40: 1124728314847991 11584701642934305 24369113488373132
Case #41: 4355 38688387040579 83001077043003 127313767045427 171626457047851 215939147050275 260251837052699 304564527055123 348877217057547
Case #42: 1
Case #43: 27 81 135 189 243 297 351 405 459 513 567 621 675
Case #44: 832881621682 5041125604918 10932667181447 16824208757976 22715750334505 28607291911034 34498833487563 40390375064092 46281916640621 52173458217150 58064999793679 63956541370208 69848082946737 75739624523266
Case #45: 9469618231 3108617402879 6672637355223 10236657307567 13800677259911 17364697212255
Case #46: 3
Case #47: 9876543211
Case #48: 1 2 3
Case #49: 4747135426 29091419662 63173417591 97255415520 131337413449 165419411378
Case #50: 1
Case #51: 43 44 132 220 308 396 484 572 660 748 836 924 1012 1100 1188 1276 1364 1452 1540 1628 1716 1804
Case #52: 78065869 314809103 709381158 1103953213 1498525268 1893097323 2287669378 2682241433 3076813488 3471385543 3865957598 4260529653 4655101708 5049673763 5444245818 5838817873 6233389928 6627961983 7022534038
Case #53: 1543385863 9501469219 20642785916 31784102613 42925419310
Case #54: 82 16529469458174227 35153863948141786 53778258438109345 72402652928076904 91027047418044463 109651441908012022 128275836397979581 146900230887947140 165524625377914699
Case #55: 800668
Case #56: 41 42 126 210 294 378 462 546 630 714 798 882 966 1050 1134 1218 1302 1386 1470 1554 1638
Case #57: 3020101 7060505 11100909 15141313 19181717 23222121 27262525 31302929 35343333 39383737 43424141 47464545 51504949 55545353 59585757 63626161 67666565 71706969 75747373 79787777 83828181 87868585 91908989 95949393 99989797
Case #58: 100 80706050403020101 171615141312111010 262524232221201919 353433323130292828 444342414039383737 535251504948474646 626160595857565555 717069686766656464 807978777675747373 898887868584838282 989796959493929191
Case #59: 1
Case #60: 271664518924 95447009636533 203145426480142 310843843323751 418542260167360
Case #61: 3480 7022 17645 28268 38891 49514 60137 70760 81383 92006 102629 113252 123875 134498 145121 155744 166367 176990 187613 198236
Case #62: 7261 18244 29227 40210 51193 62176 73159 84142 95125 106108 117091 128074 139057 150040 161023 172006 182989 193972 204955 215938
Case #63: 300771807240919
Case #64: 229
Case #65: 37728302213 92297245699123879
Case #66: 533177 1248413 1963649 2678885 3394121 4109357 4824593 5539829 6255065 6970301 7685537 8400773 9116009 9831245
Case #67: 1 2 3 4 5 6 7 8 9 10 11 12 13 14
Case #68: 44791
Case #69: 1
Case #70: 14327681 2129876755529410 4481786995225977
Case #71: 65 195 325 455 585 715 845 975 1105 1235 1365 1495 1625 1755 1885 2015 2145 2275 2405 2535 2665 2795 2925 3055 3185 3315 3445 3575 3705 3835 3965 4095
Case #72: 3746069 15251853 34428158 53604463 72780768 91957073 111133378 130309683 149485988
Case #73: 44791
Case #74: 844361691 22312601151629 47873576217933 73434551284237 98995526350541 124556501416845 150117476483149 175678451549453
Case #75: 73 219 365 511 657 803 949 1095 1241 1387 1533 1679 1825 1971 2117 2263 2409 2555 2701 2847 2993 3139 3285 3431 3577 3723 3869 4015 4161 4307 4453 4599 4745 4891 5037 5183
Case #76: 5583338367 3010061142814 6528462782231 10046864421648 13565266061065 17083667700482 20602069339899 24120470979316 27638872618733 31157274258150 34675675897567 38194077536984 41712479176401
Case #77: 48028639 104789756
Case #78: 1 2 3 4 5 6 7 8 9 10 11 12 13 14 15 16 17 18 19 20 21 22 23 24 25 26 27 28 29 30 31 32 33 34 35 36 37 38 39 40 41 42 43 44 45 46 47 48 49 50 51 52 53 54 55 56 57 58 59 60 61 62 63 64 65 66 67 68 69 70 71 72 73 74 75 76 77 78 79 80 81 82 83 84 85 86 87 88 89 90 91 92 93 94 95 96 97 98 99 100
Case #79: 1
Case #80: 85 86 258 430 602 774 946 1118 1290 1462 1634 1806 1978 2150 2322 2494 2666 2838 3010 3182 3354 3526 3698 3870 4042 4214 4386 4558 4730 4902 5074 5246 5418 5590 5762 5934 6106 6278 6450 6622 6794 6966 7138
Case #81: 22
Case #82: 41182873 91035823 140888773 190741723
Case #83: 3
Case #84: 1 2 3 4
Case #85: 19702 49405 79108 108811 138514 168217 197920 227623 257326 287029 316732 346435 376138 405841 435544 465247 494950 524653 554356 584059 613762 643465 673168 702871 732574 762277 791980 821683 851386 881089 910792 940495 970198
Case #86: 1
Case #87: 3
Case #88: 148390053388881 318285911616729 488181769844577 658077628072425 827973486300273 997869344528121 1167765202755969 1337661060983817 1507556919211665 1677452777439513
Case #89: 4 37
Case #90: 459001562 151099783399 327938962076 504778140753 681617319430 858456498107 1035295676784 1212134855461
Case #91: 185134 3051246424 6725865772 10400485120 14075104468 17749723816 21424343164 25098962512 28773581860 32448201208
Case #92: 7979934650853 137238302284239456 288578786006207777 439919269728176098
Case #93: 714394578871 1549872984668 2385351390465 3220829796262 4056308202059 4891786607856 5727265013653 6562743419450 7398221825247 8233700231044
Case #94: 110542 229618400961073 488627957245162 747637513529251 1006647069813340 1265656626097429
Case #95: 2931
Case #96: 11332510 21771494341
Case #97: 1 2 3 4 5 6 7 8 9 10 11 12 13 14 15 16 17 18 19 20 21 22 23 24 25 26 27 28 29 30 31 32 33 34 35 36 37 38 39 40 41 42 43 44 45 46 47 48 49 50 51 52 53 54 55 56 57 58 59 60 61 62 63 64 65 66 67 68 69 70 71 72 73 74 75 76 77
Case #98: 37 154735 362975 571215 779455 987695 1195935 1404175 1612415 1820655
Case #99: 22
Case #100: 456245 1462265243615931 3077216817890552
