Case #1: CAB
Case #2: MJA
Case #3: OCDE
Case #4: BBAAA
Case #5: CCCABBBAB
Case #6: CCCBAABAB
Case #7: ZXCASDQWE
Case #8: Z
Case #9: BAAA
Case #10: YWTPGJMNGNMWMNV
Case #11: CBBBBBAAAAAAB
Case #12: MMFBACDEGHIJKLA
Case #13: OGHLFBINMKEDCJA
Case #14: CCCCCBAAAAABBBB
Case #15: BAA
Case #16: CCCCCBBBBAAAABA
Case #17: OACMEFGHIJNLDBK
Case #18: MMAKJHEABCDFGIL
Case #19: CCCCCBBBBAAAAAB
Case #20: DCCCBABABBABA
Case #21: ONMKCJIEGFLHDBA
Case #22: CBA
Case #23: CCCCCBBBBBAAAAA
Case #24: ZABCD
Case #25: DCCBAAABBBBBB
Case #26: ONJBCDEFGIAKLMH
Case #27: CCCCCCCAAABBBBA
Case #28: BA
Case #29: DCBBBBBBAAAAAA
Case #30: ONMIHBEFGALJKCD
Case #31: CCCCBBBBAAAABBA
Case #32: ZAYBXCWDUE
Case #33: BAAA
Case #34: BB
Case #35: CAB
Case #36: BBA
Case #37: CCCCBBBAAAABBBB
Case #38: CCCCCBBBBBAAAAA
Case #39: CCCCCBBBBBAAAAA
Case #40: CCCCBBAAAAAABAB
Case #41: AA
Case #42: CCCCCABBBBBAAAA
Case #43: CCCCCAABABABBBA
Case #44: ONFBAIJKHGDELCM
Case #45: CCCCCCBBAABAABA
Case #46: CCCCCBBABBBAABA
Case #47: YTTTLJBPKLSHMKG
Case #48: AAA
Case #49: ZEDCBAYXWU
Case #50: BBBBBAAAAAAAA
Case #51: ONMDAIGEHFKLBJC
Case #52: CBA
Case #53: MMLJIHEAAKGFDCB
Case #54: CCCCCAAAABBBBAB
Case #55: OENLKJIHDFMGCBA
Case #56: MMABCDEHIALKJGF
Case #57: ZADBC
Case #58: CCCCCCCCBABABBA
Case #59: RRBAACADABA
Case #60: ZAAAA
Case #61: CBAAAAAAAAAAAA
Case #62: BBA
Case #63: ZDABC
Case #64: CCCCCCCCBAABABA
Case #65: BBB
Case #66: CCCCCBBBBAAAABA
Case #67: CBBBBBBBAAAAAAA
Case #68: BA
Case #69: BAA
Case #70: ZDCBA
Case #71: ZABYCXDWEU
Case #72: ZACBA
Case #73: ZWHGJTPNDGHTYMB
Case #74: CCCCCABBBBBAAAA
Case #75: MMDEGJKLAIHFCBA
Case #76: CCBBBBBBBAAAAAB
Case #77: CBA
Case #78: CBA
Case #79: BAAA
Case #80: BAA
Case #81: BAAA
Case #82: CCCAABBBAAABBBA
Case #83: CCAABBABAAABBBB
Case #84: CCCCCBBBBBAAAAA
Case #85: CCCCCBBBBAAABA
Case #86: CCCCCCCAABAABAA
Case #87: BBA
Case #88: CCCCCCCAAAABABA
Case #89: DCCCBBBBAAABA
Case #90: CCCCCCBBBAABBBB
Case #91: CCBAAAAAAAAAA
Case #92: OFABEKNGLJDIMHC
Case #93: DCCCBBAAABACB
Case #94: YYWHGGWQQMHSFFJ
Case #95: CCCCCBBAAAAAAAA
Case #96: A
Case #97: ZXVQJJMDMGVDXFL
Case #98: CCCCCBBBBBAAAAA
Case #99: MMLAKIGCBADEFHJ
Case #100: OMFLKBADJCENGHI
